{"/home/estudiantes/daniel.monroym/Desktop/myCalculator/app/calculator.js":{"path":"/home/estudiantes/daniel.monroym/Desktop/myCalculator/app/calculator.js","s":{"1":1,"2":1,"3":1,"4":1,"5":1,"6":1,"7":1,"8":2,"9":1,"10":1,"11":1},"b":{"1":[1,1]},"f":{"1":1,"2":1,"3":1,"4":2},"fnMap":{"1":{"name":"add","line":2,"loc":{"start":{"line":2,"column":0},"end":{"line":2,"column":19}}},"2":{"name":"minus","line":7,"loc":{"start":{"line":7,"column":2},"end":{"line":7,"column":23}}},"3":{"name":"multiply","line":12,"loc":{"start":{"line":12,"column":2},"end":{"line":12,"column":26}}},"4":{"name":"divide","line":17,"loc":{"start":{"line":17,"column":2},"end":{"line":17,"column":24}}}},"statementMap":{"1":{"start":{"line":2,"column":0},"end":{"line":4,"column":3}},"2":{"start":{"line":3,"column":4},"end":{"line":3,"column":17}},"3":{"start":{"line":7,"column":2},"end":{"line":9,"column":3}},"4":{"start":{"line":8,"column":4},"end":{"line":8,"column":17}},"5":{"start":{"line":12,"column":2},"end":{"line":14,"column":3}},"6":{"start":{"line":13,"column":4},"end":{"line":13,"column":17}},"7":{"start":{"line":17,"column":2},"end":{"line":25,"column":3}},"8":{"start":{"line":20,"column":4},"end":{"line":24,"column":5}},"9":{"start":{"line":21,"column":6},"end":{"line":21,"column":47}},"10":{"start":{"line":23,"column":6},"end":{"line":23,"column":19}},"11":{"start":{"line":28,"column":0},"end":{"line":33,"column":3}}},"branchMap":{"1":{"line":20,"type":"if","locations":[{"start":{"line":20,"column":4},"end":{"line":20,"column":4}},{"start":{"line":20,"column":4},"end":{"line":20,"column":4}}]}}}}